This is pdfTeX, Version 3.14159265-2.6-1.40.20 (TeX Live 2019/Debian) (preloaded format=pdflatex 2021.4.26)  16 SEP 2022 16:48
entering extended mode
 restricted \write18 enabled.
 %&-line parsing enabled.
**Projektarbeit.tex
(./Projektarbeit.tex
LaTeX2e <2020-02-02> patch level 2
L3 programming layer <2020-02-14>
(/usr/share/texlive/texmf-dist/tex/latex/base/article.cls
Document Class: article 2019/12/20 v1.4l Standard LaTeX document class
(/usr/share/texlive/texmf-dist/tex/latex/base/fleqn.clo
File: fleqn.clo 2016/12/29 v1.2b Standard LaTeX option (flush left equations)
\mathindent=\dimen134
Applying: [2015/01/01] Make \[ robust on input line 50.
LaTeX Info: Redefining \[ on input line 51.
Already applied: [0000/00/00] Make \[ robust on input line 62.
Applying: [2015/01/01] Make \] robust on input line 74.
LaTeX Info: Redefining \] on input line 75.
Already applied: [0000/00/00] Make \] robust on input line 83.
)
(/usr/share/texlive/texmf-dist/tex/latex/base/size12.clo
File: size12.clo 2019/12/20 v1.4l Standard LaTeX file (size option)
)
\c@part=\count167
\c@section=\count168
\c@subsection=\count169
\c@subsubsection=\count170
\c@paragraph=\count171
\c@subparagraph=\count172
\c@figure=\count173
\c@table=\count174
\abovecaptionskip=\skip47
\belowcaptionskip=\skip48
\bibindent=\dimen135
)
(/usr/share/texlive/texmf-dist/tex/generic/babel/babel.sty
Package: babel 2020/02/14 3.40 The Babel package

(/usr/share/texlive/texmf-dist/tex/generic/babel/switch.def
File: switch.def 2020/02/14 3.40 Babel switching mechanism
)
(/usr/share/texlive/texmf-dist/tex/generic/babel-german/ngerman.ldf
Language: ngerman 2018/12/08 v2.11 German support for babel (post-1996 orthogra
phy)

(/usr/share/texlive/texmf-dist/tex/generic/babel-german/ngermanb.ldf
Language: ngermanb 2018/12/08 v2.11 German support for babel (post-1996 orthogr
aphy)

(/usr/share/texlive/texmf-dist/tex/generic/babel/babel.def
File: babel.def 2020/02/14 3.40 Babel common definitions
\babel@savecnt=\count175
\U@D=\dimen136

(/usr/share/texlive/texmf-dist/tex/generic/babel/txtbabel.def)
\bbl@readstream=\read2
\bbl@dirlevel=\count176
)
Package babel Info: Making " an active character on input line 121.
)))
(/usr/share/texlive/texmf-dist/tex/latex/base/inputenc.sty
Package: inputenc 2018/08/11 v1.3c Input encoding file
\inpenc@prehook=\toks14
\inpenc@posthook=\toks15
)
(/usr/share/texlive/texmf-dist/tex/latex/eurosym/eurosym.sty
Package: eurosym 1998/08/06 v1.1 European currency symbol ``Euro''
\@eurobox=\box45
)
(/usr/share/texlive/texmf-dist/tex/latex/amsmath/amsmath.sty
Package: amsmath 2020/01/20 v2.17e AMS math features
\@mathmargin=\skip49

For additional information on amsmath, use the `?' option.
(/usr/share/texlive/texmf-dist/tex/latex/amsmath/amstext.sty
Package: amstext 2000/06/29 v2.01 AMS text

(/usr/share/texlive/texmf-dist/tex/latex/amsmath/amsgen.sty
File: amsgen.sty 1999/11/30 v2.0 generic functions
\@emptytoks=\toks16
\ex@=\dimen137
))
(/usr/share/texlive/texmf-dist/tex/latex/amsmath/amsbsy.sty
Package: amsbsy 1999/11/29 v1.2d Bold Symbols
\pmbraise@=\dimen138
)
(/usr/share/texlive/texmf-dist/tex/latex/amsmath/amsopn.sty
Package: amsopn 2016/03/08 v2.02 operator names
)
\inf@bad=\count177
LaTeX Info: Redefining \frac on input line 227.
\uproot@=\count178
\leftroot@=\count179
LaTeX Info: Redefining \overline on input line 389.
\classnum@=\count180
\DOTSCASE@=\count181
LaTeX Info: Redefining \ldots on input line 486.
LaTeX Info: Redefining \dots on input line 489.
LaTeX Info: Redefining \cdots on input line 610.
\Mathstrutbox@=\box46
\strutbox@=\box47
\big@size=\dimen139
LaTeX Font Info:    Redeclaring font encoding OML on input line 733.
LaTeX Font Info:    Redeclaring font encoding OMS on input line 734.
\macc@depth=\count182
\c@MaxMatrixCols=\count183
\dotsspace@=\muskip16
\c@parentequation=\count184
\dspbrk@lvl=\count185
\tag@help=\toks17
\row@=\count186
\column@=\count187
\maxfields@=\count188
\andhelp@=\toks18
\eqnshift@=\dimen140
\alignsep@=\dimen141
\tagshift@=\dimen142
\tagwidth@=\dimen143
\totwidth@=\dimen144
\lineht@=\dimen145
\@envbody=\toks19
\multlinegap=\skip50
\multlinetaggap=\skip51
\mathdisplay@stack=\toks20
LaTeX Info: Redefining \[ on input line 2859.
LaTeX Info: Redefining \] on input line 2860.
)
(/usr/share/texlive/texmf-dist/tex/latex/setspace/setspace.sty
Package: setspace 2011/12/19 v6.7a set line spacing
)
(/usr/share/texlive/texmf-dist/tex/latex/booktabs/booktabs.sty
Package: booktabs 2020/01/12 v1.61803398 Publication quality tables
\heavyrulewidth=\dimen146
\lightrulewidth=\dimen147
\cmidrulewidth=\dimen148
\belowrulesep=\dimen149
\belowbottomsep=\dimen150
\aboverulesep=\dimen151
\abovetopsep=\dimen152
\cmidrulesep=\dimen153
\cmidrulekern=\dimen154
\defaultaddspace=\dimen155
\@cmidla=\count189
\@cmidlb=\count190
\@aboverulesep=\dimen156
\@belowrulesep=\dimen157
\@thisruleclass=\count191
\@lastruleclass=\count192
\@thisrulewidth=\dimen158
)
(/usr/share/texlive/texmf-dist/tex/latex/siunitx/siunitx.sty
(/usr/share/texlive/texmf-dist/tex/latex/l3kernel/expl3.sty
Package: expl3 2020-02-14 L3 programming layer (loader) 

(/usr/share/texlive/texmf-dist/tex/latex/l3backend/l3backend-pdfmode.def
File: l3backend-pdfmode.def 2020-02-03 L3 backend support: PDF mode
\l__kernel_color_stack_int=\count193
\l__pdf_internal_box=\box48
))
(/usr/share/texlive/texmf-dist/tex/latex/l3packages/xparse/xparse.sty
Package: xparse 2020-02-14 L3 Experimental document command parser
\l__xparse_current_arg_int=\count194
\g__xparse_grabber_int=\count195
\l__xparse_m_args_int=\count196
\l__xparse_v_nesting_int=\count197
)
Package: siunitx 2020/01/15 v2.7u A comprehensive (SI) units package

(/usr/share/texlive/texmf-dist/tex/latex/tools/array.sty
Package: array 2019/08/31 v2.4l Tabular extension package (FMi)
\col@sep=\dimen159
\ar@mcellbox=\box49
\extrarowheight=\dimen160
\NC@list=\toks21
\extratabsurround=\skip52
\backup@length=\skip53
\ar@cellbox=\box50
)
(/usr/share/texlive/texmf-dist/tex/latex/l3packages/l3keys2e/l3keys2e.sty
Package: l3keys2e 2020-02-14 LaTeX2e option processing using LaTeX3 keys
)
\l__siunitx_tmp_box=\box51
\l__siunitx_tmp_dim=\dimen161
\l__siunitx_tmp_int=\count198
\l__siunitx_number_mantissa_length_int=\count199
\l__siunitx_number_uncert_length_int=\count266
\l__siunitx_round_int=\count267
\l__siunitx_process_decimal_int=\count268
\l__siunitx_process_uncertainty_int=\count269
\l__siunitx_process_fixed_int=\count270
\l__siunitx_process_integer_min_int=\count271
\l__siunitx_process_precision_int=\count272
\l__siunitx_group_min_int=\count273
\l__siunitx_angle_marker_box=\box52
\l__siunitx_angle_unit_box=\box53
\l__siunitx_angle_marker_dim=\dimen162
\l__siunitx_angle_unit_dim=\dimen163
\l__siunitx_unit_int=\count274
\l__siunitx_unit_denominator_int=\count275
\l__siunitx_unit_numerator_int=\count276
\l__siunitx_unit_prefix_int=\count277
\l__siunitx_unit_prefix_base_int=\count278
\l__siunitx_unit_prefix_gram_int=\count279
\l__siunitx_number_product_int=\count280
\c__siunitx_one_fill_skip=\skip54
\l__siunitx_table_unit_align_skip=\skip55
\l__siunitx_table_exponent_dim=\dimen164
\l__siunitx_table_integer_dim=\dimen165
\l__siunitx_table_mantissa_dim=\dimen166
\l__siunitx_table_marker_dim=\dimen167
\l__siunitx_table_result_dim=\dimen168
\l__siunitx_table_uncert_dim=\dimen169
\l__siunitx_table_fill_pre_dim=\dimen170
\l__siunitx_table_fill_post_dim=\dimen171
\l__siunitx_table_fill_mid_dim=\dimen172
\l__siunitx_table_pre_box=\box54
\l__siunitx_table_post_box=\box55
\l__siunitx_table_mantissa_box=\box56
\l__siunitx_table_result_box=\box57
\l__siunitx_table_number_align_skip=\skip56
\l__siunitx_table_text_align_skip=\skip57

(/usr/share/texlive/texmf-dist/tex/latex/translator/translator.sty
Package: translator 2019-05-31 v1.12a Easy translation of strings in LaTeX

(/usr/share/texlive/texmf-dist/tex/latex/graphics/keyval.sty
Package: keyval 2014/10/28 v1.15 key=value parser (DPC)
\KV@toks@=\toks22
)))
(/usr/share/texlive/texmf-dist/tex/latex/graphics/graphicx.sty
Package: graphicx 2019/11/30 v1.2a Enhanced LaTeX Graphics (DPC,SPQR)

(/usr/share/texlive/texmf-dist/tex/latex/graphics/graphics.sty
Package: graphics 2019/11/30 v1.4a Standard LaTeX Graphics (DPC,SPQR)

(/usr/share/texlive/texmf-dist/tex/latex/graphics/trig.sty
Package: trig 2016/01/03 v1.10 sin cos tan (DPC)
)
(/usr/share/texlive/texmf-dist/tex/latex/graphics-cfg/graphics.cfg
File: graphics.cfg 2016/06/04 v1.11 sample graphics configuration
)
Package graphics Info: Driver file: pdftex.def on input line 105.

(/usr/share/texlive/texmf-dist/tex/latex/graphics-def/pdftex.def
File: pdftex.def 2018/01/08 v1.0l Graphics/color driver for pdftex
))
\Gin@req@height=\dimen173
\Gin@req@width=\dimen174
)
(/usr/share/texlive/texmf-dist/tex/latex/pdfpages/pdfpages.sty
Package: pdfpages 2020/01/28 v0.5q Insert pages of external PDF documents (AM)

(/usr/share/texlive/texmf-dist/tex/latex/base/ifthen.sty
Package: ifthen 2014/09/29 v1.1c Standard LaTeX ifthen package (DPC)
)
(/usr/share/texlive/texmf-dist/tex/latex/tools/calc.sty
Package: calc 2017/05/25 v4.3 Infix arithmetic (KKT,FJ)
\calc@Acount=\count281
\calc@Bcount=\count282
\calc@Adimen=\dimen175
\calc@Bdimen=\dimen176
\calc@Askip=\skip58
\calc@Bskip=\skip59
LaTeX Info: Redefining \setlength on input line 80.
LaTeX Info: Redefining \addtolength on input line 81.
\calc@Ccount=\count283
\calc@Cskip=\skip60
)
(/usr/share/texlive/texmf-dist/tex/latex/eso-pic/eso-pic.sty
Package: eso-pic 2018/04/12 v2.0h eso-pic (RN)

(/usr/share/texlive/texmf-dist/tex/generic/atbegshi/atbegshi.sty
Package: atbegshi 2019/12/05 v1.19 At begin shipout hook (HO)

(/usr/share/texlive/texmf-dist/tex/generic/infwarerr/infwarerr.sty
Package: infwarerr 2019/12/03 v1.5 Providing info/warning/error messages (HO)
)
(/usr/share/texlive/texmf-dist/tex/generic/ltxcmds/ltxcmds.sty
Package: ltxcmds 2019/12/15 v1.24 LaTeX kernel commands for general use (HO)
)
(/usr/share/texlive/texmf-dist/tex/generic/iftex/iftex.sty
Package: iftex 2019/11/07 v1.0c TeX engine tests
))
(/usr/share/texlive/texmf-dist/tex/latex/xcolor/xcolor.sty
Package: xcolor 2016/05/11 v2.12 LaTeX color extensions (UK)

(/usr/share/texlive/texmf-dist/tex/latex/graphics-cfg/color.cfg
File: color.cfg 2016/01/02 v1.6 sample color configuration
)
Package xcolor Info: Driver file: pdftex.def on input line 225.
Package xcolor Info: Model `cmy' substituted by `cmy0' on input line 1348.
Package xcolor Info: Model `hsb' substituted by `rgb' on input line 1352.
Package xcolor Info: Model `RGB' extended on input line 1364.
Package xcolor Info: Model `HTML' substituted by `rgb' on input line 1366.
Package xcolor Info: Model `Hsb' substituted by `hsb' on input line 1367.
Package xcolor Info: Model `tHsb' substituted by `hsb' on input line 1368.
Package xcolor Info: Model `HSB' substituted by `hsb' on input line 1369.
Package xcolor Info: Model `Gray' substituted by `gray' on input line 1370.
Package xcolor Info: Model `wave' substituted by `hsb' on input line 1371.
))
\AM@pagewidth=\dimen177
\AM@pageheight=\dimen178

(/usr/share/texlive/texmf-dist/tex/latex/pdfpages/pppdftex.def
File: pppdftex.def 2020/01/28 v0.5q Pdfpages driver for pdfTeX (AM)
)
\AM@pagebox=\box58
\AM@global@opts=\toks23
\AM@pagecnt=\count284
\AM@toc@title=\toks24
\c@AM@survey=\count285
\AM@templatesizebox=\box59
)
(/usr/share/texlive/texmf-dist/tex/latex/wrapfig/wrapfig.sty
\wrapoverhang=\dimen179
\WF@size=\dimen180
\c@WF@wrappedlines=\count286
\WF@box=\box60
\WF@everypar=\toks25
Package: wrapfig 2003/01/31  v 3.6
)
(/usr/share/texlive/texmf-dist/tex/latex/subfigure/subfigure.sty
Package: subfigure 2002/03/15 v2.1.5 subfigure package
\subfigtopskip=\skip61
\subfigcapskip=\skip62
\subfigcaptopadj=\dimen181
\subfigbottomskip=\skip63
\subfigcapmargin=\dimen182
\subfiglabelskip=\skip64
\c@subfigure=\count287
\c@lofdepth=\count288
\c@subtable=\count289
\c@lotdepth=\count290

****************************************
* Local config file subfigure.cfg used *
****************************************
(/usr/share/texlive/texmf-dist/tex/latex/subfigure/subfigure.cfg)
\subfig@top=\skip65
\subfig@bottom=\skip66
)
(/usr/share/texlive/texmf-dist/tex/latex/appendix/appendix.sty
Package: appendix 2020/02/08 v1.2c extra appendix facilities
\c@@pps=\count291
\c@@ppsavesec=\count292
\c@@ppsaveapp=\count293
)
(/usr/share/texlive/texmf-dist/tex/latex/biblatex/biblatex.sty
Package: biblatex 2019/12/01 v3.14 programmable bibliographies (PK/MW)

(/usr/share/texlive/texmf-dist/tex/latex/pdftexcmds/pdftexcmds.sty
Package: pdftexcmds 2019/11/24 v0.31 Utility functions of pdfTeX for LuaTeX (HO
)
Package pdftexcmds Info: \pdf@primitive is available.
Package pdftexcmds Info: \pdf@ifprimitive is available.
Package pdftexcmds Info: \pdfdraftmode found.
)
(/usr/share/texlive/texmf-dist/tex/latex/etoolbox/etoolbox.sty
Package: etoolbox 2019/09/21 v2.5h e-TeX tools for LaTeX (JAW)
\etb@tempcnta=\count294
)
(/usr/share/texlive/texmf-dist/tex/latex/kvoptions/kvoptions.sty
Package: kvoptions 2019/11/29 v3.13 Key value format for package options (HO)

(/usr/share/texlive/texmf-dist/tex/generic/kvsetkeys/kvsetkeys.sty
Package: kvsetkeys 2019/12/15 v1.18 Key value parser (HO)
))
(/usr/share/texlive/texmf-dist/tex/latex/logreq/logreq.sty
Package: logreq 2010/08/04 v1.0 xml request logger
\lrq@indent=\count295

(/usr/share/texlive/texmf-dist/tex/latex/logreq/logreq.def
File: logreq.def 2010/08/04 v1.0 logreq spec v1.0
))
(/usr/share/texlive/texmf-dist/tex/latex/url/url.sty
\Urlmuskip=\muskip17
Package: url 2013/09/16  ver 3.4  Verb mode for urls, etc.
)
\c@tabx@nest=\count296
\c@listtotal=\count297
\c@listcount=\count298
\c@liststart=\count299
\c@liststop=\count300
\c@citecount=\count301
\c@citetotal=\count302
\c@multicitecount=\count303
\c@multicitetotal=\count304
\c@instcount=\count305
\c@maxnames=\count306
\c@minnames=\count307
\c@maxitems=\count308
\c@minitems=\count309
\c@citecounter=\count310
\c@maxcitecounter=\count311
\c@savedcitecounter=\count312
\c@uniquelist=\count313
\c@uniquename=\count314
\c@refsection=\count315
\c@refsegment=\count316
\c@maxextratitle=\count317
\c@maxextratitleyear=\count318
\c@maxextraname=\count319
\c@maxextradate=\count320
\c@maxextraalpha=\count321
\c@abbrvpenalty=\count322
\c@highnamepenalty=\count323
\c@lownamepenalty=\count324
\c@maxparens=\count325
\c@parenlevel=\count326
\blx@tempcnta=\count327
\blx@tempcntb=\count328
\blx@tempcntc=\count329
\blx@maxsection=\count330
\blx@maxsegment@0=\count331
\blx@notetype=\count332
\blx@parenlevel@text=\count333
\blx@parenlevel@foot=\count334
\blx@sectionciteorder@0=\count335
\blx@entrysetcounter=\count336
\labelnumberwidth=\skip67
\labelalphawidth=\skip68
\biblabelsep=\skip69
\bibitemsep=\skip70
\bibnamesep=\skip71
\bibinitsep=\skip72
\bibparsep=\skip73
\bibhang=\skip74
\blx@bcfin=\read3
\blx@bcfout=\write3
\blx@langwohyphens=\language85
\c@mincomprange=\count337
\c@maxcomprange=\count338
\c@mincompwidth=\count339
Package biblatex Info: Trying to load biblatex default data model...
Package biblatex Info: ... file 'blx-dm.def' found.

(/usr/share/texlive/texmf-dist/tex/latex/biblatex/blx-dm.def
File: blx-dm.def 2019/12/01 v3.14 biblatex localization (PK/MW)
)
Package biblatex Info: Trying to load biblatex style data model...
Package biblatex Info: ... file 'alphabetic.dbx' not found.
Package biblatex Info: Trying to load biblatex custom data model...
Package biblatex Info: ... file 'biblatex-dm.cfg' not found.
\c@afterword=\count340
\c@savedafterword=\count341
\c@annotator=\count342
\c@savedannotator=\count343
\c@author=\count344
\c@savedauthor=\count345
\c@bookauthor=\count346
\c@savedbookauthor=\count347
\c@commentator=\count348
\c@savedcommentator=\count349
\c@editor=\count350
\c@savededitor=\count351
\c@editora=\count352
\c@savededitora=\count353
\c@editorb=\count354
\c@savededitorb=\count355
\c@editorc=\count356
\c@savededitorc=\count357
\c@foreword=\count358
\c@savedforeword=\count359
\c@holder=\count360
\c@savedholder=\count361
\c@introduction=\count362
\c@savedintroduction=\count363
\c@namea=\count364
\c@savednamea=\count365
\c@nameb=\count366
\c@savednameb=\count367
\c@namec=\count368
\c@savednamec=\count369
\c@translator=\count370
\c@savedtranslator=\count371
\c@shortauthor=\count372
\c@savedshortauthor=\count373
\c@shorteditor=\count374
\c@savedshorteditor=\count375
\c@labelname=\count376
\c@savedlabelname=\count377
\c@institution=\count378
\c@savedinstitution=\count379
\c@lista=\count380
\c@savedlista=\count381
\c@listb=\count382
\c@savedlistb=\count383
\c@listc=\count384
\c@savedlistc=\count385
\c@listd=\count386
\c@savedlistd=\count387
\c@liste=\count388
\c@savedliste=\count389
\c@listf=\count390
\c@savedlistf=\count391
\c@location=\count392
\c@savedlocation=\count393
\c@organization=\count394
\c@savedorganization=\count395
\c@origlocation=\count396
\c@savedoriglocation=\count397
\c@origpublisher=\count398
\c@savedorigpublisher=\count399
\c@publisher=\count400
\c@savedpublisher=\count401
\c@language=\count402
\c@savedlanguage=\count403
\c@origlanguage=\count404
\c@savedoriglanguage=\count405
\c@pageref=\count406
\c@savedpageref=\count407
\shorthandwidth=\skip75
\shortjournalwidth=\skip76
\shortserieswidth=\skip77
\shorttitlewidth=\skip78
\shortauthorwidth=\skip79
\shorteditorwidth=\skip80
\locallabelnumberwidth=\skip81
\locallabelalphawidth=\skip82
\localshorthandwidth=\skip83
\localshortjournalwidth=\skip84
\localshortserieswidth=\skip85
\localshorttitlewidth=\skip86
\localshortauthorwidth=\skip87
\localshorteditorwidth=\skip88
Package biblatex Info: Trying to load compatibility code...
Package biblatex Info: ... file 'blx-compat.def' found.

(/usr/share/texlive/texmf-dist/tex/latex/biblatex/blx-compat.def
File: blx-compat.def 2019/12/01 v3.14 biblatex compatibility (PK/MW)
)
Package biblatex Info: Trying to load generic definitions...
Package biblatex Info: ... file 'biblatex.def' found.

(/usr/share/texlive/texmf-dist/tex/latex/biblatex/biblatex.def
File: biblatex.def 2019/12/01 v3.14 biblatex compatibility (PK/MW)
\c@textcitecount=\count408
\c@textcitetotal=\count409
\c@textcitemaxnames=\count410
\c@biburlbigbreakpenalty=\count411
\c@biburlbreakpenalty=\count412
\c@biburlnumpenalty=\count413
\c@biburlucpenalty=\count414
\c@biburllcpenalty=\count415
\biburlbigskip=\muskip18
\biburlnumskip=\muskip19
\biburlucskip=\muskip20
\biburllcskip=\muskip21
\c@smartand=\count416
)
Package biblatex Info: Trying to load bibliography style 'alphabetic'...
Package biblatex Info: ... file 'alphabetic.bbx' found.

(/usr/share/texlive/texmf-dist/tex/latex/biblatex/bbx/alphabetic.bbx
File: alphabetic.bbx 2019/12/01 v3.14 biblatex bibliography style (PK/MW)
Package biblatex Info: Trying to load bibliography style 'standard'...
Package biblatex Info: ... file 'standard.bbx' found.

(/usr/share/texlive/texmf-dist/tex/latex/biblatex/bbx/standard.bbx
File: standard.bbx 2019/12/01 v3.14 biblatex bibliography style (PK/MW)
\c@bbx:relatedcount=\count417
\c@bbx:relatedtotal=\count418
))
Package biblatex Info: Trying to load citation style 'alphabetic'...
Package biblatex Info: ... file 'alphabetic.cbx' found.

(/usr/share/texlive/texmf-dist/tex/latex/biblatex/cbx/alphabetic.cbx
File: alphabetic.cbx 2019/12/01 v3.14 biblatex citation style (PK/MW)
Package biblatex Info: Redefining '\cite'.
Package biblatex Info: Redefining '\parencite'.
Package biblatex Info: Redefining '\footcite'.
Package biblatex Info: Redefining '\footcitetext'.
Package biblatex Info: Redefining '\smartcite'.
Package biblatex Info: Redefining '\textcite'.
Package biblatex Info: Redefining '\textcites'.
Package biblatex Info: Redefining '\cites'.
Package biblatex Info: Redefining '\parencites'.
Package biblatex Info: Redefining '\smartcites'.
)
Package biblatex Info: Trying to load configuration file...
Package biblatex Info: ... file 'biblatex.cfg' found.

(/usr/share/texlive/texmf-dist/tex/latex/biblatex/biblatex.cfg
File: biblatex.cfg 
))

Package biblatex Warning: 'babel/polyglossia' detected but 'csquotes' missing.
(biblatex)                Loading 'csquotes' recommended.

\@quotelevel=\count419
\@quotereset=\count420
(./Projektarbeit.aux)
\openout1 = `Projektarbeit.aux'.

LaTeX Font Info:    Checking defaults for OML/cmm/m/it on input line 23.
LaTeX Font Info:    ... okay on input line 23.
LaTeX Font Info:    Checking defaults for OMS/cmsy/m/n on input line 23.
LaTeX Font Info:    ... okay on input line 23.
LaTeX Font Info:    Checking defaults for OT1/cmr/m/n on input line 23.
LaTeX Font Info:    ... okay on input line 23.
LaTeX Font Info:    Checking defaults for T1/cmr/m/n on input line 23.
LaTeX Font Info:    ... okay on input line 23.
LaTeX Font Info:    Checking defaults for TS1/cmr/m/n on input line 23.
LaTeX Font Info:    ... okay on input line 23.
LaTeX Font Info:    Checking defaults for OMX/cmex/m/n on input line 23.
LaTeX Font Info:    ... okay on input line 23.
LaTeX Font Info:    Checking defaults for U/cmr/m/n on input line 23.
LaTeX Font Info:    ... okay on input line 23.

(/usr/share/texlive/texmf-dist/tex/latex/translator/translator-basic-dictionary
-English.dict
Dictionary: translator-basic-dictionary, Language: English 
)
(/usr/share/texlive/texmf-dist/tex/latex/siunitx/siunitx-abbreviations.cfg
File: siunitx-abbreviations.cfg 2017/11/26 v2.7k siunitx: Abbreviated units
)
(/usr/share/texlive/texmf-dist/tex/context/base/mkii/supp-pdf.mkii
[Loading MPS to PDF converter (version 2006.09.02).]
\scratchcounter=\count421
\scratchdimen=\dimen183
\scratchbox=\box61
\nofMPsegments=\count422
\nofMParguments=\count423
\everyMPshowfont=\toks26
\MPscratchCnt=\count424
\MPscratchDim=\dimen184
\MPnumerator=\count425
\makeMPintoPDFobject=\count426
\everyMPtoPDFconversion=\toks27
) (/usr/share/texlive/texmf-dist/tex/latex/epstopdf-pkg/epstopdf-base.sty
Package: epstopdf-base 2020-01-24 v2.11 Base part for package epstopdf

(/usr/share/texlive/texmf-dist/tex/latex/grfext/grfext.sty
Package: grfext 2019/12/03 v1.3 Manage graphics extensions (HO)

(/usr/share/texlive/texmf-dist/tex/generic/kvdefinekeys/kvdefinekeys.sty
Package: kvdefinekeys 2019-12-19 v1.6 Define keys (HO)
))
Package epstopdf-base Info: Redefining graphics rule for `.eps' on input line 4
85.
Package grfext Info: Graphics extension search list:
(grfext)             [.pdf,.png,.jpg,.mps,.jpeg,.jbig2,.jb2,.PDF,.PNG,.JPG,.JPE
G,.JBIG2,.JB2,.eps]
(grfext)             \AppendGraphicsExtensions on input line 504.

(/usr/share/texlive/texmf-dist/tex/latex/latexconfig/epstopdf-sys.cfg
File: epstopdf-sys.cfg 2010/07/13 v1.3 Configuration of (r)epstopdf for TeX Liv
e
))
\AtBeginShipoutBox=\box62

(/usr/share/texlive/texmf-dist/tex/latex/pdflscape/pdflscape.sty
Package: pdflscape 2019/12/05 v0.12 Display of landscape pages in PDF (HO)

(/usr/share/texlive/texmf-dist/tex/latex/graphics/lscape.sty
Package: lscape 2000/10/22 v3.01 Landscape Pages (DPC)
)
Package pdflscape Info: Auto-detected driver: pdftex on input line 81.
)
Package biblatex Info: Trying to load language 'ngerman'...
Package biblatex Info: ... file 'ngerman.lbx' found.

(/usr/share/texlive/texmf-dist/tex/latex/biblatex/lbx/ngerman.lbx
File: ngerman.lbx 2019/12/01 v3.14 biblatex localization (PK/MW)
Package biblatex Info: Trying to load language 'german'...
Package biblatex Info: ... file 'german.lbx' found.

(/usr/share/texlive/texmf-dist/tex/latex/biblatex/lbx/german.lbx
File: german.lbx 2019/12/01 v3.14 biblatex localization (PK/MW)
)
Package biblatex Info: Trying to load language 'german'...
Package biblatex Info: ... file 'german.lbx' found.

(/usr/share/texlive/texmf-dist/tex/latex/biblatex/lbx/german.lbx
File: german.lbx 2019/12/01 v3.14 biblatex localization (PK/MW)
))
Package biblatex Info: Input encoding 'utf8' detected.
Package biblatex Info: Automatic encoding selection.
(biblatex)             Assuming data encoding 'utf8'.
\openout3 = `Projektarbeit.bcf'.

Package biblatex Info: Trying to load bibliographic data...
Package biblatex Info: ... file 'Projektarbeit.bbl' found.

(./Projektarbeit.bbl)
Package biblatex Info: Reference section=0 on input line 23.
Package biblatex Info: Reference segment=0 on input line 23.
 [1

{/var/lib/texmf/fonts/map/pdftex/updmap/pdftex.map}]
(./Projektarbeit.toc)
\tf@toc=\write4
\openout4 = `Projektarbeit.toc'.

 [0]
</home/arndt/share_pc_laptop/Uni/thm/Projektarbeit/Dokumentation/Manual.pdf, id
=13, 598.235pt x 845.1575pt>
File: /home/arndt/share_pc_laptop/Uni/thm/Projektarbeit/Dokumentation/Manual.pd
f Graphic file (type pdf)
<use /home/arndt/share_pc_laptop/Uni/thm/Projektarbeit/Dokumentation/Manual.pdf
>
Package pdftex.def Info: /home/arndt/share_pc_laptop/Uni/thm/Projektarbeit/Doku
mentation/Manual.pdf  used on input line 68.
(pdftex.def)             Requested size: 598.23354pt x 845.15544pt.
File: /home/arndt/share_pc_laptop/Uni/thm/Projektarbeit/Dokumentation/Manual.pd
f Graphic file (type pdf)
<use /home/arndt/share_pc_laptop/Uni/thm/Projektarbeit/Dokumentation/Manual.pdf
>
Package pdftex.def Info: /home/arndt/share_pc_laptop/Uni/thm/Projektarbeit/Doku
mentation/Manual.pdf  used on input line 68.
(pdftex.def)             Requested size: 598.23354pt x 845.15544pt.
</home/arndt/share_pc_laptop/Uni/thm/Projektarbeit/Dokumentation/Manual.pdf, id
=16, page=1, 598.235pt x 845.1575pt>
File: /home/arndt/share_pc_laptop/Uni/thm/Projektarbeit/Dokumentation/Manual.pd
f Graphic file (type pdf)
<use /home/arndt/share_pc_laptop/Uni/thm/Projektarbeit/Dokumentation/Manual.pdf
, page 1>
Package pdftex.def Info: /home/arndt/share_pc_laptop/Uni/thm/Projektarbeit/Doku
mentation/Manual.pdf , page1 used on input line 68.
(pdftex.def)             Requested size: 598.23354pt x 845.15544pt.
File: /home/arndt/share_pc_laptop/Uni/thm/Projektarbeit/Dokumentation/Manual.pd
f Graphic file (type pdf)
<use /home/arndt/share_pc_laptop/Uni/thm/Projektarbeit/Dokumentation/Manual.pdf
, page 1>
Package pdftex.def Info: /home/arndt/share_pc_laptop/Uni/thm/Projektarbeit/Doku
mentation/Manual.pdf , page1 used on input line 68.
(pdftex.def)             Requested size: 597.7406pt x 844.45905pt.
 [1]
File: /home/arndt/share_pc_laptop/Uni/thm/Projektarbeit/Dokumentation/Manual.pd
f Graphic file (type pdf)
<use /home/arndt/share_pc_laptop/Uni/thm/Projektarbeit/Dokumentation/Manual.pdf
, page 1>
Package pdftex.def Info: /home/arndt/share_pc_laptop/Uni/thm/Projektarbeit/Doku
mentation/Manual.pdf , page1 used on input line 68.
(pdftex.def)             Requested size: 597.7406pt x 844.45905pt.
File: /home/arndt/share_pc_laptop/Uni/thm/Projektarbeit/Dokumentation/Manual.pd
f Graphic file (type pdf)
<use /home/arndt/share_pc_laptop/Uni/thm/Projektarbeit/Dokumentation/Manual.pdf
, page 1>
Package pdftex.def Info: /home/arndt/share_pc_laptop/Uni/thm/Projektarbeit/Doku
mentation/Manual.pdf , page1 used on input line 68.
(pdftex.def)             Requested size: 597.7406pt x 844.45905pt.
File: /home/arndt/share_pc_laptop/Uni/thm/Projektarbeit/Dokumentation/Manual.pd
f Graphic file (type pdf)
<use /home/arndt/share_pc_laptop/Uni/thm/Projektarbeit/Dokumentation/Manual.pdf
, page 1>
Package pdftex.def Info: /home/arndt/share_pc_laptop/Uni/thm/Projektarbeit/Doku
mentation/Manual.pdf , page1 used on input line 68.
(pdftex.def)             Requested size: 597.7406pt x 844.45905pt.
 [2 </home/arndt/share_pc_laptop/Uni/thm/Projektarbeit/Dokumentation/Manual.pdf
>]

pdfTeX warning: pdflatex (file /home/arndt/share_pc_laptop/Uni/thm/Projektarbei
t/Dokumentation/MULv2.pdf): PDF inclusion: found PDF version <1.7>, but at most
 version <1.5> allowed
</home/arndt/share_pc_laptop/Uni/thm/Projektarbeit/Dokumentation/MULv2.pdf, id=
35, 598.15468pt x 846.0408pt>
File: /home/arndt/share_pc_laptop/Uni/thm/Projektarbeit/Dokumentation/MULv2.pdf
 Graphic file (type pdf)
<use /home/arndt/share_pc_laptop/Uni/thm/Projektarbeit/Dokumentation/MULv2.pdf>

Package pdftex.def Info: /home/arndt/share_pc_laptop/Uni/thm/Projektarbeit/Doku
mentation/MULv2.pdf  used on input line 70.
(pdftex.def)             Requested size: 598.15321pt x 846.03874pt.


pdfTeX warning: pdflatex (file /home/arndt/share_pc_laptop/Uni/thm/Projektarbei
t/Dokumentation/MULv2.pdf): PDF inclusion: found PDF version <1.7>, but at most
 version <1.5> allowed
File: /home/arndt/share_pc_laptop/Uni/thm/Projektarbeit/Dokumentation/MULv2.pdf
 Graphic file (type pdf)
<use /home/arndt/share_pc_laptop/Uni/thm/Projektarbeit/Dokumentation/MULv2.pdf>

Package pdftex.def Info: /home/arndt/share_pc_laptop/Uni/thm/Projektarbeit/Doku
mentation/MULv2.pdf  used on input line 70.
(pdftex.def)             Requested size: 598.15321pt x 846.03874pt.


pdfTeX warning: pdflatex (file /home/arndt/share_pc_laptop/Uni/thm/Projektarbei
t/Dokumentation/MULv2.pdf): PDF inclusion: found PDF version <1.7>, but at most
 version <1.5> allowed


pdfTeX warning: pdflatex (file /home/arndt/share_pc_laptop/Uni/thm/Projektarbei
t/Dokumentation/MULv2.pdf): PDF inclusion: found PDF version <1.7>, but at most
 version <1.5> allowed
</home/arndt/share_pc_laptop/Uni/thm/Projektarbeit/Dokumentation/MULv2.pdf, id=
38, page=1, 598.15468pt x 846.0408pt>
File: /home/arndt/share_pc_laptop/Uni/thm/Projektarbeit/Dokumentation/MULv2.pdf
 Graphic file (type pdf)
<use /home/arndt/share_pc_laptop/Uni/thm/Projektarbeit/Dokumentation/MULv2.pdf,
 page 1>
Package pdftex.def Info: /home/arndt/share_pc_laptop/Uni/thm/Projektarbeit/Doku
mentation/MULv2.pdf , page1 used on input line 70.
(pdftex.def)             Requested size: 598.15321pt x 846.03874pt.
File: /home/arndt/share_pc_laptop/Uni/thm/Projektarbeit/Dokumentation/MULv2.pdf
 Graphic file (type pdf)
<use /home/arndt/share_pc_laptop/Uni/thm/Projektarbeit/Dokumentation/MULv2.pdf,
 page 1>
Package pdftex.def Info: /home/arndt/share_pc_laptop/Uni/thm/Projektarbeit/Doku
mentation/MULv2.pdf , page1 used on input line 70.
(pdftex.def)             Requested size: 597.4778pt x 845.08344pt.
File: /home/arndt/share_pc_laptop/Uni/thm/Projektarbeit/Dokumentation/MULv2.pdf
 Graphic file (type pdf)
<use /home/arndt/share_pc_laptop/Uni/thm/Projektarbeit/Dokumentation/MULv2.pdf,
 page 1>
Package pdftex.def Info: /home/arndt/share_pc_laptop/Uni/thm/Projektarbeit/Doku
mentation/MULv2.pdf , page1 used on input line 70.
(pdftex.def)             Requested size: 597.4778pt x 845.08344pt.
File: /home/arndt/share_pc_laptop/Uni/thm/Projektarbeit/Dokumentation/MULv2.pdf
 Graphic file (type pdf)
<use /home/arndt/share_pc_laptop/Uni/thm/Projektarbeit/Dokumentation/MULv2.pdf,
 page 1>
Package pdftex.def Info: /home/arndt/share_pc_laptop/Uni/thm/Projektarbeit/Doku
mentation/MULv2.pdf , page1 used on input line 70.
(pdftex.def)             Requested size: 597.4778pt x 845.08344pt.
File: /home/arndt/share_pc_laptop/Uni/thm/Projektarbeit/Dokumentation/MULv2.pdf
 Graphic file (type pdf)
<use /home/arndt/share_pc_laptop/Uni/thm/Projektarbeit/Dokumentation/MULv2.pdf,
 page 1>
Package pdftex.def Info: /home/arndt/share_pc_laptop/Uni/thm/Projektarbeit/Doku
mentation/MULv2.pdf , page1 used on input line 70.
(pdftex.def)             Requested size: 597.4778pt x 845.08344pt.
[3 </home/arndt/share_pc_laptop/Uni/thm/Projektarbeit/Dokumentation/MULv2.pdf>]


pdfTeX warning: pdflatex (file /home/arndt/share_pc_laptop/Uni/thm/Projektarbei
t/Dokumentation/shift_l.pdf): PDF inclusion: found PDF version <1.7>, but at mo
st version <1.5> allowed
</home/arndt/share_pc_laptop/Uni/thm/Projektarbeit/Dokumentation/shift_l.pdf, i
d=56, 598.15468pt x 846.0408pt>
File: /home/arndt/share_pc_laptop/Uni/thm/Projektarbeit/Dokumentation/shift_l.p
df Graphic file (type pdf)
<use /home/arndt/share_pc_laptop/Uni/thm/Projektarbeit/Dokumentation/shift_l.pd
f>
Package pdftex.def Info: /home/arndt/share_pc_laptop/Uni/thm/Projektarbeit/Doku
mentation/shift_l.pdf  used on input line 73.
(pdftex.def)             Requested size: 598.15321pt x 846.03874pt.


pdfTeX warning: pdflatex (file /home/arndt/share_pc_laptop/Uni/thm/Projektarbei
t/Dokumentation/shift_l.pdf): PDF inclusion: found PDF version <1.7>, but at mo
st version <1.5> allowed
File: /home/arndt/share_pc_laptop/Uni/thm/Projektarbeit/Dokumentation/shift_l.p
df Graphic file (type pdf)
<use /home/arndt/share_pc_laptop/Uni/thm/Projektarbeit/Dokumentation/shift_l.pd
f>
Package pdftex.def Info: /home/arndt/share_pc_laptop/Uni/thm/Projektarbeit/Doku
mentation/shift_l.pdf  used on input line 73.
(pdftex.def)             Requested size: 598.15321pt x 846.03874pt.


pdfTeX warning: pdflatex (file /home/arndt/share_pc_laptop/Uni/thm/Projektarbei
t/Dokumentation/shift_l.pdf): PDF inclusion: found PDF version <1.7>, but at mo
st version <1.5> allowed


pdfTeX warning: pdflatex (file /home/arndt/share_pc_laptop/Uni/thm/Projektarbei
t/Dokumentation/shift_l.pdf): PDF inclusion: found PDF version <1.7>, but at mo
st version <1.5> allowed
</home/arndt/share_pc_laptop/Uni/thm/Projektarbeit/Dokumentation/shift_l.pdf, i
d=59, page=1, 598.15468pt x 846.0408pt>
File: /home/arndt/share_pc_laptop/Uni/thm/Projektarbeit/Dokumentation/shift_l.p
df Graphic file (type pdf)
<use /home/arndt/share_pc_laptop/Uni/thm/Projektarbeit/Dokumentation/shift_l.pd
f, page 1>
Package pdftex.def Info: /home/arndt/share_pc_laptop/Uni/thm/Projektarbeit/Doku
mentation/shift_l.pdf , page1 used on input line 73.
(pdftex.def)             Requested size: 598.15321pt x 846.03874pt.
File: /home/arndt/share_pc_laptop/Uni/thm/Projektarbeit/Dokumentation/shift_l.p
df Graphic file (type pdf)
<use /home/arndt/share_pc_laptop/Uni/thm/Projektarbeit/Dokumentation/shift_l.pd
f, page 1>
Package pdftex.def Info: /home/arndt/share_pc_laptop/Uni/thm/Projektarbeit/Doku
mentation/shift_l.pdf , page1 used on input line 73.
(pdftex.def)             Requested size: 597.4778pt x 845.08344pt.
File: /home/arndt/share_pc_laptop/Uni/thm/Projektarbeit/Dokumentation/shift_l.p
df Graphic file (type pdf)
<use /home/arndt/share_pc_laptop/Uni/thm/Projektarbeit/Dokumentation/shift_l.pd
f, page 1>
Package pdftex.def Info: /home/arndt/share_pc_laptop/Uni/thm/Projektarbeit/Doku
mentation/shift_l.pdf , page1 used on input line 73.
(pdftex.def)             Requested size: 597.4778pt x 845.08344pt.
File: /home/arndt/share_pc_laptop/Uni/thm/Projektarbeit/Dokumentation/shift_l.p
df Graphic file (type pdf)
<use /home/arndt/share_pc_laptop/Uni/thm/Projektarbeit/Dokumentation/shift_l.pd
f, page 1>
Package pdftex.def Info: /home/arndt/share_pc_laptop/Uni/thm/Projektarbeit/Doku
mentation/shift_l.pdf , page1 used on input line 73.
(pdftex.def)             Requested size: 597.4778pt x 845.08344pt.
File: /home/arndt/share_pc_laptop/Uni/thm/Projektarbeit/Dokumentation/shift_l.p
df Graphic file (type pdf)
<use /home/arndt/share_pc_laptop/Uni/thm/Projektarbeit/Dokumentation/shift_l.pd
f, page 1>
Package pdftex.def Info: /home/arndt/share_pc_laptop/Uni/thm/Projektarbeit/Doku
mentation/shift_l.pdf , page1 used on input line 73.
(pdftex.def)             Requested size: 597.4778pt x 845.08344pt.
[4 </home/arndt/share_pc_laptop/Uni/thm/Projektarbeit/Dokumentation/shift_l.pdf
>]

pdfTeX warning: pdflatex (file /home/arndt/share_pc_laptop/Uni/thm/Projektarbei
t/Dokumentation/MULv3_Flowchart.pdf): PDF inclusion: found PDF version <1.7>, b
ut at most version <1.5> allowed
</home/arndt/share_pc_laptop/Uni/thm/Projektarbeit/Dokumentation/MULv3_Flowchar
t.pdf, id=77, 598.15468pt x 846.0408pt>
File: /home/arndt/share_pc_laptop/Uni/thm/Projektarbeit/Dokumentation/MULv3_Flo
wchart.pdf Graphic file (type pdf)
<use /home/arndt/share_pc_laptop/Uni/thm/Projektarbeit/Dokumentation/MULv3_Flow
chart.pdf>
Package pdftex.def Info: /home/arndt/share_pc_laptop/Uni/thm/Projektarbeit/Doku
mentation/MULv3_Flowchart.pdf  used on input line 76.
(pdftex.def)             Requested size: 598.15321pt x 846.03874pt.


pdfTeX warning: pdflatex (file /home/arndt/share_pc_laptop/Uni/thm/Projektarbei
t/Dokumentation/MULv3_Flowchart.pdf): PDF inclusion: found PDF version <1.7>, b
ut at most version <1.5> allowed
File: /home/arndt/share_pc_laptop/Uni/thm/Projektarbeit/Dokumentation/MULv3_Flo
wchart.pdf Graphic file (type pdf)
<use /home/arndt/share_pc_laptop/Uni/thm/Projektarbeit/Dokumentation/MULv3_Flow
chart.pdf>
Package pdftex.def Info: /home/arndt/share_pc_laptop/Uni/thm/Projektarbeit/Doku
mentation/MULv3_Flowchart.pdf  used on input line 76.
(pdftex.def)             Requested size: 598.15321pt x 846.03874pt.


pdfTeX warning: pdflatex (file /home/arndt/share_pc_laptop/Uni/thm/Projektarbei
t/Dokumentation/MULv3_Flowchart.pdf): PDF inclusion: found PDF version <1.7>, b
ut at most version <1.5> allowed


pdfTeX warning: pdflatex (file /home/arndt/share_pc_laptop/Uni/thm/Projektarbei
t/Dokumentation/MULv3_Flowchart.pdf): PDF inclusion: found PDF version <1.7>, b
ut at most version <1.5> allowed
</home/arndt/share_pc_laptop/Uni/thm/Projektarbeit/Dokumentation/MULv3_Flowchar
t.pdf, id=80, page=1, 598.15468pt x 846.0408pt>
File: /home/arndt/share_pc_laptop/Uni/thm/Projektarbeit/Dokumentation/MULv3_Flo
wchart.pdf Graphic file (type pdf)
<use /home/arndt/share_pc_laptop/Uni/thm/Projektarbeit/Dokumentation/MULv3_Flow
chart.pdf, page 1>
Package pdftex.def Info: /home/arndt/share_pc_laptop/Uni/thm/Projektarbeit/Doku
mentation/MULv3_Flowchart.pdf , page1 used on input line 76.
(pdftex.def)             Requested size: 598.15321pt x 846.03874pt.
File: /home/arndt/share_pc_laptop/Uni/thm/Projektarbeit/Dokumentation/MULv3_Flo
wchart.pdf Graphic file (type pdf)
<use /home/arndt/share_pc_laptop/Uni/thm/Projektarbeit/Dokumentation/MULv3_Flow
chart.pdf, page 1>
Package pdftex.def Info: /home/arndt/share_pc_laptop/Uni/thm/Projektarbeit/Doku
mentation/MULv3_Flowchart.pdf , page1 used on input line 76.
(pdftex.def)             Requested size: 597.4778pt x 845.08344pt.
File: /home/arndt/share_pc_laptop/Uni/thm/Projektarbeit/Dokumentation/MULv3_Flo
wchart.pdf Graphic file (type pdf)
<use /home/arndt/share_pc_laptop/Uni/thm/Projektarbeit/Dokumentation/MULv3_Flow
chart.pdf, page 1>
Package pdftex.def Info: /home/arndt/share_pc_laptop/Uni/thm/Projektarbeit/Doku
mentation/MULv3_Flowchart.pdf , page1 used on input line 76.
(pdftex.def)             Requested size: 597.4778pt x 845.08344pt.
File: /home/arndt/share_pc_laptop/Uni/thm/Projektarbeit/Dokumentation/MULv3_Flo
wchart.pdf Graphic file (type pdf)
<use /home/arndt/share_pc_laptop/Uni/thm/Projektarbeit/Dokumentation/MULv3_Flow
chart.pdf, page 1>
Package pdftex.def Info: /home/arndt/share_pc_laptop/Uni/thm/Projektarbeit/Doku
mentation/MULv3_Flowchart.pdf , page1 used on input line 76.
(pdftex.def)             Requested size: 597.4778pt x 845.08344pt.
File: /home/arndt/share_pc_laptop/Uni/thm/Projektarbeit/Dokumentation/MULv3_Flo
wchart.pdf Graphic file (type pdf)
<use /home/arndt/share_pc_laptop/Uni/thm/Projektarbeit/Dokumentation/MULv3_Flow
chart.pdf, page 1>
Package pdftex.def Info: /home/arndt/share_pc_laptop/Uni/thm/Projektarbeit/Doku
mentation/MULv3_Flowchart.pdf , page1 used on input line 76.
(pdftex.def)             Requested size: 597.4778pt x 845.08344pt.
[5 </home/arndt/share_pc_laptop/Uni/thm/Projektarbeit/Dokumentation/MULv3_Flowc
hart.pdf>]
File: /home/arndt/share_pc_laptop/Uni/thm/Projektarbeit/Dokumentation/MULv3_Flo
wchart.pdf Graphic file (type pdf)
<use /home/arndt/share_pc_laptop/Uni/thm/Projektarbeit/Dokumentation/MULv3_Flow
chart.pdf>
Package pdftex.def Info: /home/arndt/share_pc_laptop/Uni/thm/Projektarbeit/Doku
mentation/MULv3_Flowchart.pdf  used on input line 79.
(pdftex.def)             Requested size: 598.15321pt x 846.03874pt.


pdfTeX warning: pdflatex (file /home/arndt/share_pc_laptop/Uni/thm/Projektarbei
t/Dokumentation/MULv3_Flowchart.pdf): PDF inclusion: found PDF version <1.7>, b
ut at most version <1.5> allowed
File: /home/arndt/share_pc_laptop/Uni/thm/Projektarbeit/Dokumentation/MULv3_Flo
wchart.pdf Graphic file (type pdf)
<use /home/arndt/share_pc_laptop/Uni/thm/Projektarbeit/Dokumentation/MULv3_Flow
chart.pdf>
Package pdftex.def Info: /home/arndt/share_pc_laptop/Uni/thm/Projektarbeit/Doku
mentation/MULv3_Flowchart.pdf  used on input line 79.
(pdftex.def)             Requested size: 598.15321pt x 846.03874pt.


pdfTeX warning: pdflatex (file /home/arndt/share_pc_laptop/Uni/thm/Projektarbei
t/Dokumentation/MULv3_Flowchart.pdf): PDF inclusion: found PDF version <1.7>, b
ut at most version <1.5> allowed


pdfTeX warning: pdflatex (file /home/arndt/share_pc_laptop/Uni/thm/Projektarbei
t/Dokumentation/MULv3_Flowchart.pdf): PDF inclusion: found PDF version <1.7>, b
ut at most version <1.5> allowed
</home/arndt/share_pc_laptop/Uni/thm/Projektarbeit/Dokumentation/MULv3_Flowchar
t.pdf, id=102, page=2, 598.15468pt x 846.0408pt>
File: /home/arndt/share_pc_laptop/Uni/thm/Projektarbeit/Dokumentation/MULv3_Flo
wchart.pdf Graphic file (type pdf)
<use /home/arndt/share_pc_laptop/Uni/thm/Projektarbeit/Dokumentation/MULv3_Flow
chart.pdf, page 2>
Package pdftex.def Info: /home/arndt/share_pc_laptop/Uni/thm/Projektarbeit/Doku
mentation/MULv3_Flowchart.pdf , page2 used on input line 79.
(pdftex.def)             Requested size: 598.15321pt x 846.03874pt.
File: /home/arndt/share_pc_laptop/Uni/thm/Projektarbeit/Dokumentation/MULv3_Flo
wchart.pdf Graphic file (type pdf)
<use /home/arndt/share_pc_laptop/Uni/thm/Projektarbeit/Dokumentation/MULv3_Flow
chart.pdf, page 2>
Package pdftex.def Info: /home/arndt/share_pc_laptop/Uni/thm/Projektarbeit/Doku
mentation/MULv3_Flowchart.pdf , page2 used on input line 79.
(pdftex.def)             Requested size: 597.4778pt x 845.08344pt.
File: /home/arndt/share_pc_laptop/Uni/thm/Projektarbeit/Dokumentation/MULv3_Flo
wchart.pdf Graphic file (type pdf)
<use /home/arndt/share_pc_laptop/Uni/thm/Projektarbeit/Dokumentation/MULv3_Flow
chart.pdf, page 2>
Package pdftex.def Info: /home/arndt/share_pc_laptop/Uni/thm/Projektarbeit/Doku
mentation/MULv3_Flowchart.pdf , page2 used on input line 79.
(pdftex.def)             Requested size: 597.4778pt x 845.08344pt.
File: /home/arndt/share_pc_laptop/Uni/thm/Projektarbeit/Dokumentation/MULv3_Flo
wchart.pdf Graphic file (type pdf)
<use /home/arndt/share_pc_laptop/Uni/thm/Projektarbeit/Dokumentation/MULv3_Flow
chart.pdf, page 2>
Package pdftex.def Info: /home/arndt/share_pc_laptop/Uni/thm/Projektarbeit/Doku
mentation/MULv3_Flowchart.pdf , page2 used on input line 79.
(pdftex.def)             Requested size: 597.4778pt x 845.08344pt.
File: /home/arndt/share_pc_laptop/Uni/thm/Projektarbeit/Dokumentation/MULv3_Flo
wchart.pdf Graphic file (type pdf)
<use /home/arndt/share_pc_laptop/Uni/thm/Projektarbeit/Dokumentation/MULv3_Flow
chart.pdf, page 2>
Package pdftex.def Info: /home/arndt/share_pc_laptop/Uni/thm/Projektarbeit/Doku
mentation/MULv3_Flowchart.pdf , page2 used on input line 79.
(pdftex.def)             Requested size: 597.4778pt x 845.08344pt.
[6 </home/arndt/share_pc_laptop/Uni/thm/Projektarbeit/Dokumentation/MULv3_Flowc
hart.pdf>] [7] (./Projektarbeit.aux)
Package logreq Info: Writing requests to 'Projektarbeit.run.xml'.
\openout1 = `Projektarbeit.run.xml'.

 ) 
Here is how much of TeX's memory you used:
 14506 strings out of 481239
 284617 string characters out of 5920377
 924936 words of memory out of 5000000
 29570 multiletter control sequences out of 15000+600000
 540881 words of font info for 54 fonts, out of 8000000 for 9000
 1143 hyphenation exceptions out of 8191
 40i,18n,45p,818b,2193s stack positions out of 5000i,500n,10000p,200000b,80000s
</usr/share/texlive/texmf-dist/fonts/type1/public/amsfonts/cm/cmbx12.pfb></us
r/share/texlive/texmf-dist/fonts/type1/public/amsfonts/cm/cmcsc10.pfb></usr/sha
re/texlive/texmf-dist/fonts/type1/public/amsfonts/cm/cmr12.pfb></usr/share/texl
ive/texmf-dist/fonts/type1/public/amsfonts/cm/cmti12.pfb>
Output written on Projektarbeit.pdf (9 pages, 257069 bytes).
PDF statistics:
 124 PDF objects out of 1000 (max. 8388607)
 73 compressed objects within 1 object stream
 0 named destinations out of 1000 (max. 500000)
 96 words of extra memory for PDF output out of 10000 (max. 10000000)

